<?xml version="1.0" encoding="UTF-8"?>
<!-- Generated by org.testng.reporters.JUnitReportReporter -->
<testsuite hostname="PRINHYDSPHP0022" name="com.pack.MapExamples" tests="1" failures="0" timestamp="13 Oct 2014 05:14:26 GMT" time="0.013" errors="0">
  <testcase name="mapTest" time="0.013" classname="com.pack.MapExamples"/>
</testsuite> <!-- com.pack.MapExamples -->
