<?xml version="1.0" encoding="UTF-8"?>
<!-- Generated by org.testng.reporters.JUnitReportReporter -->
<testsuite hostname="PRINHYDSPHP0022" name="com.pack.SecondMostWord" tests="1" failures="0" timestamp="14 Oct 2014 10:00:47 GMT" time="0.014" errors="0">
  <testcase name="getSecondMostRepeatedWord" time="0.014" classname="com.pack.SecondMostWord"/>
</testsuite> <!-- com.pack.SecondMostWord -->
